<?xml version="1.0" encoding="UTF-8"?>
<!-- Generated by org.testng.reporters.JUnitXMLReporter -->
<testsuite ignored="0" hostname="DESKTOP-R6G87IB" failures="1" tests="3" name="Test" time="0.1" errors="0" timestamp="2021-06-08T02:59:49 GMT-07:00">
  <testcase classname="com.tcs.MavenTestNGExample2" name="myTest" time="0.007"/>
  <testcase classname="com.tcs.MavenTestNGExample2" name="myTest3" time="0.006">
    <failure type="java.lang.AssertionError" message="expected [true] but found [false]">
      <![CDATA[java.lang.AssertionError: expected [true] but found [false]
at com.tcs.MavenTestNGExample2.myTest3(MavenTestNGExample2.java:24)
at java.base/java.util.ArrayList.forEach(ArrayList.java:1511)
... Removed 31 stack frames]]>
    </failure>
  </testcase> <!-- myTest3 -->
  <testcase classname="com.tcs.MavenTestNGExample2" name="myTest2" time="0.0">
    <skipped/>
  </testcase> <!-- myTest2 -->
</testsuite> <!-- Test -->
